\BOOKMARK [0][-]{chapter.1}{\376\377\0001\000\040\000D\000a\000t\000a\000\040\000S\000t\000r\000u\000c\000t\000u\000r\000e\000\040\000I\000n\000d\000e\000x}{}% 1
\BOOKMARK [1][-]{section.1.1}{\376\377\0001\000.\0001\000\040\000D\000a\000t\000a\000\040\000S\000t\000r\000u\000c\000t\000u\000r\000e\000s}{chapter.1}% 2
\BOOKMARK [0][-]{chapter.2}{\376\377\0002\000\040\000F\000i\000l\000e\000\040\000I\000n\000d\000e\000x}{}% 3
\BOOKMARK [1][-]{section.2.1}{\376\377\0002\000.\0001\000\040\000F\000i\000l\000e\000\040\000L\000i\000s\000t}{chapter.2}% 4
\BOOKMARK [0][-]{chapter.3}{\376\377\0003\000\040\000D\000a\000t\000a\000\040\000S\000t\000r\000u\000c\000t\000u\000r\000e\000\040\000D\000o\000c\000u\000m\000e\000n\000t\000a\000t\000i\000o\000n}{}% 5
\BOOKMARK [1][-]{section.3.1}{\376\377\0003\000.\0001\000\040\000N\000O\000D\000\040\000S\000t\000r\000u\000c\000t\000\040\000R\000e\000f\000e\000r\000e\000n\000c\000e}{chapter.3}% 6
\BOOKMARK [2][-]{subsection.3.1.1}{\376\377\0003\000.\0001\000.\0001\000\040\000D\000e\000t\000a\000i\000l\000e\000d\000\040\000D\000e\000s\000c\000r\000i\000p\000t\000i\000o\000n}{section.3.1}% 7
\BOOKMARK [0][-]{chapter.4}{\376\377\0004\000\040\000F\000i\000l\000e\000\040\000D\000o\000c\000u\000m\000e\000n\000t\000a\000t\000i\000o\000n}{}% 8
\BOOKMARK [1][-]{section.4.1}{\376\377\0004\000.\0001\000\040\000d\000i\000s\000p\000l\000a\000y\000.\000c\000\040\000F\000i\000l\000e\000\040\000R\000e\000f\000e\000r\000e\000n\000c\000e}{chapter.4}% 9
\BOOKMARK [2][-]{subsection.4.1.1}{\376\377\0004\000.\0001\000.\0001\000\040\000D\000e\000t\000a\000i\000l\000e\000d\000\040\000D\000e\000s\000c\000r\000i\000p\000t\000i\000o\000n}{section.4.1}% 10
\BOOKMARK [2][-]{subsection.4.1.2}{\376\377\0004\000.\0001\000.\0002\000\040\000F\000u\000n\000c\000t\000i\000o\000n\000\040\000D\000o\000c\000u\000m\000e\000n\000t\000a\000t\000i\000o\000n}{section.4.1}% 11
\BOOKMARK [3][-]{subsubsection.4.1.2.1}{\376\377\0004\000.\0001\000.\0002\000.\0001\000\040\000m\000e\000n\000u\000\050\000\051}{subsection.4.1.2}% 12
\BOOKMARK [1][-]{section.4.2}{\376\377\0004\000.\0002\000\040\000d\000i\000s\000p\000l\000a\000y\000.\000h\000\040\000F\000i\000l\000e\000\040\000R\000e\000f\000e\000r\000e\000n\000c\000e}{chapter.4}% 13
\BOOKMARK [2][-]{subsection.4.2.1}{\376\377\0004\000.\0002\000.\0001\000\040\000D\000e\000t\000a\000i\000l\000e\000d\000\040\000D\000e\000s\000c\000r\000i\000p\000t\000i\000o\000n}{section.4.2}% 14
\BOOKMARK [2][-]{subsection.4.2.2}{\376\377\0004\000.\0002\000.\0002\000\040\000F\000u\000n\000c\000t\000i\000o\000n\000\040\000D\000o\000c\000u\000m\000e\000n\000t\000a\000t\000i\000o\000n}{section.4.2}% 15
\BOOKMARK [3][-]{subsubsection.4.2.2.1}{\376\377\0004\000.\0002\000.\0002\000.\0001\000\040\000m\000e\000n\000u\000\050\000\051}{subsection.4.2.2}% 16
\BOOKMARK [1][-]{section.4.3}{\376\377\0004\000.\0003\000\040\000l\000i\000s\000t\000.\000c\000\040\000F\000i\000l\000e\000\040\000R\000e\000f\000e\000r\000e\000n\000c\000e}{chapter.4}% 17
\BOOKMARK [2][-]{subsection.4.3.1}{\376\377\0004\000.\0003\000.\0001\000\040\000D\000e\000t\000a\000i\000l\000e\000d\000\040\000D\000e\000s\000c\000r\000i\000p\000t\000i\000o\000n}{section.4.3}% 18
\BOOKMARK [2][-]{subsection.4.3.2}{\376\377\0004\000.\0003\000.\0002\000\040\000F\000u\000n\000c\000t\000i\000o\000n\000\040\000D\000o\000c\000u\000m\000e\000n\000t\000a\000t\000i\000o\000n}{section.4.3}% 19
\BOOKMARK [3][-]{subsubsection.4.3.2.1}{\376\377\0004\000.\0003\000.\0002\000.\0001\000\040\000a\000d\000d\000t\000a\000s\000k\000s\000\050\000N\000O\000D\000E\000\040\000*\000h\000e\000a\000d\000\051}{subsection.4.3.2}% 20
\BOOKMARK [3][-]{subsubsection.4.3.2.2}{\376\377\0004\000.\0003\000.\0002\000.\0002\000\040\000d\000e\000l\000e\000t\000e\000c\000a\000t\000e\000g\000\050\000N\000O\000D\000E\000\040\000*\000h\000e\000a\000d\000\051}{subsection.4.3.2}% 21
\BOOKMARK [3][-]{subsubsection.4.3.2.3}{\376\377\0004\000.\0003\000.\0002\000.\0003\000\040\000d\000e\000l\000e\000t\000e\000t\000a\000s\000k\000\050\000N\000O\000D\000E\000\040\000*\000h\000e\000a\000d\000\051}{subsection.4.3.2}% 22
\BOOKMARK [3][-]{subsubsection.4.3.2.4}{\376\377\0004\000.\0003\000.\0002\000.\0004\000\040\000f\000r\000o\000n\000t\000b\000a\000c\000k\000s\000p\000l\000i\000t\000\050\000N\000O\000D\000E\000\040\000*\000s\000o\000u\000r\000c\000e\000,\000\040\000N\000O\000D\000E\000\040\000*\000*\000f\000r\000o\000n\000t\000R\000e\000f\000,\000\040\000N\000O\000D\000E\000\040\000*\000*\000b\000a\000c\000k\000R\000e\000f\000\051}{subsection.4.3.2}% 23
\BOOKMARK [3][-]{subsubsection.4.3.2.5}{\376\377\0004\000.\0003\000.\0002\000.\0005\000\040\000m\000e\000r\000g\000e\000s\000o\000r\000t\000\050\000N\000O\000D\000E\000\040\000*\000*\000h\000e\000a\000d\000R\000e\000f\000\051}{subsection.4.3.2}% 24
\BOOKMARK [3][-]{subsubsection.4.3.2.6}{\376\377\0004\000.\0003\000.\0002\000.\0006\000\040\000m\000o\000d\000i\000f\000y\000c\000a\000t\000e\000g\000\050\000N\000O\000D\000E\000\040\000*\000h\000e\000a\000d\000\051}{subsection.4.3.2}% 25
\BOOKMARK [3][-]{subsubsection.4.3.2.7}{\376\377\0004\000.\0003\000.\0002\000.\0007\000\040\000p\000r\000i\000n\000t\000a\000l\000l\000\050\000N\000O\000D\000E\000\040\000*\000h\000e\000a\000d\000\051}{subsection.4.3.2}% 26
\BOOKMARK [3][-]{subsubsection.4.3.2.8}{\376\377\0004\000.\0003\000.\0002\000.\0008\000\040\000p\000r\000i\000n\000t\000b\000y\000c\000a\000t\000e\000g\000\050\000N\000O\000D\000E\000\040\000*\000h\000e\000a\000d\000\051}{subsection.4.3.2}% 27
\BOOKMARK [3][-]{subsubsection.4.3.2.9}{\376\377\0004\000.\0003\000.\0002\000.\0009\000\040\000s\000o\000r\000t\000e\000d\000m\000e\000r\000g\000e\000\050\000N\000O\000D\000E\000\040\000*\000a\000,\000\040\000N\000O\000D\000E\000\040\000*\000b\000\051}{subsection.4.3.2}% 28
\BOOKMARK [1][-]{section.4.4}{\376\377\0004\000.\0004\000\040\000l\000i\000s\000t\000.\000h\000\040\000F\000i\000l\000e\000\040\000R\000e\000f\000e\000r\000e\000n\000c\000e}{chapter.4}% 29
\BOOKMARK [2][-]{subsection.4.4.1}{\376\377\0004\000.\0004\000.\0001\000\040\000D\000e\000t\000a\000i\000l\000e\000d\000\040\000D\000e\000s\000c\000r\000i\000p\000t\000i\000o\000n}{section.4.4}% 30
\BOOKMARK [2][-]{subsection.4.4.2}{\376\377\0004\000.\0004\000.\0002\000\040\000F\000u\000n\000c\000t\000i\000o\000n\000\040\000D\000o\000c\000u\000m\000e\000n\000t\000a\000t\000i\000o\000n}{section.4.4}% 31
\BOOKMARK [3][-]{subsubsection.4.4.2.1}{\376\377\0004\000.\0004\000.\0002\000.\0001\000\040\000a\000d\000d\000t\000a\000s\000k\000s\000\050\000N\000O\000D\000E\000\040\000*\000h\000e\000a\000d\000\051}{subsection.4.4.2}% 32
\BOOKMARK [3][-]{subsubsection.4.4.2.2}{\376\377\0004\000.\0004\000.\0002\000.\0002\000\040\000d\000e\000l\000e\000t\000e\000c\000a\000t\000e\000g\000\050\000N\000O\000D\000E\000\040\000*\000h\000e\000a\000d\000\051}{subsection.4.4.2}% 33
\BOOKMARK [3][-]{subsubsection.4.4.2.3}{\376\377\0004\000.\0004\000.\0002\000.\0003\000\040\000d\000e\000l\000e\000t\000e\000t\000a\000s\000k\000\050\000N\000O\000D\000E\000\040\000*\000h\000e\000a\000d\000\051}{subsection.4.4.2}% 34
\BOOKMARK [3][-]{subsubsection.4.4.2.4}{\376\377\0004\000.\0004\000.\0002\000.\0004\000\040\000f\000r\000o\000n\000t\000b\000a\000c\000k\000s\000p\000l\000i\000t\000\050\000N\000O\000D\000E\000\040\000*\000s\000o\000u\000r\000c\000e\000,\000\040\000N\000O\000D\000E\000\040\000*\000*\000f\000r\000o\000n\000t\000R\000e\000f\000,\000\040\000N\000O\000D\000E\000\040\000*\000*\000b\000a\000c\000k\000R\000e\000f\000\051}{subsection.4.4.2}% 35
\BOOKMARK [3][-]{subsubsection.4.4.2.5}{\376\377\0004\000.\0004\000.\0002\000.\0005\000\040\000m\000e\000r\000g\000e\000s\000o\000r\000t\000\050\000N\000O\000D\000E\000\040\000*\000*\000h\000e\000a\000d\000R\000e\000f\000\051}{subsection.4.4.2}% 36
\BOOKMARK [3][-]{subsubsection.4.4.2.6}{\376\377\0004\000.\0004\000.\0002\000.\0006\000\040\000m\000o\000d\000i\000f\000y\000c\000a\000t\000e\000g\000\050\000N\000O\000D\000E\000\040\000*\000h\000e\000a\000d\000\051}{subsection.4.4.2}% 37
\BOOKMARK [3][-]{subsubsection.4.4.2.7}{\376\377\0004\000.\0004\000.\0002\000.\0007\000\040\000p\000r\000i\000n\000t\000a\000l\000l\000\050\000N\000O\000D\000E\000\040\000*\000h\000e\000a\000d\000\051}{subsection.4.4.2}% 38
\BOOKMARK [3][-]{subsubsection.4.4.2.8}{\376\377\0004\000.\0004\000.\0002\000.\0008\000\040\000p\000r\000i\000n\000t\000b\000y\000c\000a\000t\000e\000g\000\050\000N\000O\000D\000E\000\040\000*\000h\000e\000a\000d\000\051}{subsection.4.4.2}% 39
\BOOKMARK [3][-]{subsubsection.4.4.2.9}{\376\377\0004\000.\0004\000.\0002\000.\0009\000\040\000s\000o\000r\000t\000e\000d\000m\000e\000r\000g\000e\000\050\000N\000O\000D\000E\000\040\000*\000a\000,\000\040\000N\000O\000D\000E\000\040\000*\000b\000\051}{subsection.4.4.2}% 40
\BOOKMARK [1][-]{section.4.5}{\376\377\0004\000.\0005\000\040\000m\000a\000i\000n\000.\000c\000\040\000F\000i\000l\000e\000\040\000R\000e\000f\000e\000r\000e\000n\000c\000e}{chapter.4}% 41
\BOOKMARK [2][-]{subsection.4.5.1}{\376\377\0004\000.\0005\000.\0001\000\040\000D\000e\000t\000a\000i\000l\000e\000d\000\040\000D\000e\000s\000c\000r\000i\000p\000t\000i\000o\000n}{section.4.5}% 42
\BOOKMARK [2][-]{subsection.4.5.2}{\376\377\0004\000.\0005\000.\0002\000\040\000F\000u\000n\000c\000t\000i\000o\000n\000\040\000D\000o\000c\000u\000m\000e\000n\000t\000a\000t\000i\000o\000n}{section.4.5}% 43
\BOOKMARK [3][-]{subsubsection.4.5.2.1}{\376\377\0004\000.\0005\000.\0002\000.\0001\000\040\000m\000a\000i\000n\000\050\000\051}{subsection.4.5.2}% 44
